<?xml version="1.0" encoding="UTF-8"?>
<!-- Generated by org.testng.reporters.JUnitXMLReporter -->
<testsuite ignored="0" hostname="IN-PF2RSDYR" failures="0" tests="4" name="FirstTest" time="15.809" errors="0" timestamp="2024-01-13T15:30:02 IST">
  <testcase classname="TestNGTests.FirstTestNGTest" name="TC_FirstTest" time="6.405"/>
  <testcase classname="TestNGTests.FirstTestNGTest" name="TC_FirstTest" time="6.468"/>
  <testcase classname="TestNGTests.FirstTestNGTest" name="TC_FirstTest" time="4.347"/>
  <testcase classname="TestNGTests.FirstTestNGTest" name="TC_FirstTest1" time="5.011"/>
</testsuite> <!-- FirstTest -->
