<?xml version="1.0" encoding="UTF-8"?>
<!-- Generated by org.testng.reporters.JUnitXMLReporter -->
<testsuite ignored="1" hostname="IN-PF2RSDYR" failures="0" tests="3" name="Test" time="0.063" errors="0" timestamp="2024-01-28T14:25:57 IST">
  <testcase classname="TestNGTests.IncludeTC" name="test" time="0.009"/>
  <testcase classname="TestNGTests.IncludeTC" name="test1" time="0.002"/>
  <testcase classname="TestNGTests.IncludeTC" name="test3" time="0.002"/>
  <testcase classname="TestNGTests.IncludeTC" name="test2" time="0.0">
    <ignored/>
  </testcase> <!-- test2 -->
</testsuite> <!-- Test -->
