<?xml version="1.0" encoding="UTF-8"?>
<testng-results ignored="1" total="4" passed="3" failed="0" skipped="0">
  <reporter-output>
  </reporter-output>
  <suite started-at="2024-01-28T14:25:57 IST" name="Suite" finished-at="2024-01-28T14:25:57 IST" duration-ms="63">
    <groups>
      <group name="Sanity">
        <method signature="IncludeTC.test3()[pri:0, instance:TestNGTests.IncludeTC@21e360a]" name="test3" class="TestNGTests.IncludeTC"/>
      </group> <!-- Sanity -->
      <group name="Regression">
        <method signature="IncludeTC.test1()[pri:0, instance:TestNGTests.IncludeTC@21e360a]" name="test1" class="TestNGTests.IncludeTC"/>
      </group> <!-- Regression -->
    </groups>
    <test started-at="2024-01-28T14:25:57 IST" name="Test" finished-at="2024-01-28T14:25:57 IST" duration-ms="63">
      <class name="TestNGTests.IncludeTC">
        <test-method signature="test()[pri:0, instance:TestNGTests.IncludeTC@21e360a]" started-at="2024-01-28T14:25:57 IST" name="test" finished-at="2024-01-28T14:25:57 IST" duration-ms="9" status="PASS">
          <reporter-output>
          </reporter-output>
        </test-method> <!-- test -->
        <test-method signature="test1()[pri:0, instance:TestNGTests.IncludeTC@21e360a]" started-at="2024-01-28T14:25:57 IST" name="test1" finished-at="2024-01-28T14:25:57 IST" duration-ms="2" status="PASS">
          <reporter-output>
          </reporter-output>
        </test-method> <!-- test1 -->
        <test-method signature="test3()[pri:0, instance:TestNGTests.IncludeTC@21e360a]" started-at="2024-01-28T14:25:57 IST" name="test3" finished-at="2024-01-28T14:25:57 IST" duration-ms="2" status="PASS">
          <reporter-output>
          </reporter-output>
        </test-method> <!-- test3 -->
      </class> <!-- TestNGTests.IncludeTC -->
    </test> <!-- Test -->
  </suite> <!-- Suite -->
</testng-results>
